[0.028s] Invoking command in '/home/adhamwalaa/ros2_ws/src/build/robot_firmware': CMAKE_PREFIX_PATH=${CMAKE_PREFIX_PATH}:/home/adhamwalaa/autonav/src/install/bno055:/opt/ros/humble /usr/bin/cmake --build /home/adhamwalaa/ros2_ws/src/build/robot_firmware -- -j12 -l12
[0.081s] [35m[1mConsolidate compiler generated dependencies of target robot_firmware[0m
[0.117s] [ 50%] [32mBuilding CXX object CMakeFiles/robot_firmware.dir/src/diffbot_system.cpp.o[0m
[2.486s] [01m[K/home/adhamwalaa/ros2_ws/src/robot_firmware/src/diffbot_system.cpp:104:6:[m[K [01;31m[Kerror: [m[Kâ€˜[01m[KDiffBotSystemHsardware[m[Kâ€™ has not been declared
[2.486s]   104 | void [01;31m[KDiffBotSystemHsardware[m[K::processFeedback(const std_msgs::msg::Int64MultiArray::SharedPtr msg)
[2.486s]       |      [01;31m[K^~~~~~~~~~~~~~~~~~~~~~[m[K
[2.491s] [01m[K/home/adhamwalaa/ros2_ws/src/robot_firmware/src/diffbot_system.cpp:[m[K In function â€˜[01m[Kvoid robot_firmware::processFeedback(std_msgs::msg::Int64MultiArray_<std::allocator<void> >::SharedPtr)[m[Kâ€™:
[2.491s] [01m[K/home/adhamwalaa/ros2_ws/src/robot_firmware/src/diffbot_system.cpp:107:5:[m[K [01;31m[Kerror: [m[Kâ€˜[01m[Khw_positions_[m[Kâ€™ was not declared in this scope
[2.491s]   107 |     [01;31m[Khw_positions_[m[K[0] = ((msg->data[0] * 2.0 * M_PI) / 4096.0) * 0.033;  // left_wheel_joint position cumilative
[2.491s]       |     [01;31m[K^~~~~~~~~~~~~[m[K
[4.966s] gmake[2]: *** [CMakeFiles/robot_firmware.dir/build.make:76: CMakeFiles/robot_firmware.dir/src/diffbot_system.cpp.o] Error 1
[4.966s] gmake[1]: *** [CMakeFiles/Makefile2:137: CMakeFiles/robot_firmware.dir/all] Error 2
[4.966s] gmake: *** [Makefile:146: all] Error 2
[4.969s] Invoked command in '/home/adhamwalaa/ros2_ws/src/build/robot_firmware' returned '2': CMAKE_PREFIX_PATH=${CMAKE_PREFIX_PATH}:/home/adhamwalaa/autonav/src/install/bno055:/opt/ros/humble /usr/bin/cmake --build /home/adhamwalaa/ros2_ws/src/build/robot_firmware -- -j12 -l12
