In file included from [01m[K/home/adhamwalaa/ros2_ws/src/robot_firmware/src/diffbot_system.cpp:1[m[K:
[01m[K/home/adhamwalaa/ros2_ws/src/robot_firmware/include/robot_firmware/diffbot_system.hpp:25:3:[m[K [01;31m[Kerror: [m[KISO C++ forbids declaration of â€˜[01m[KDiffBotSystemHardware[m[Kâ€™ with no type [[01;31m[K]8;;https://gcc.gnu.org/onlinedocs/gcc/Warning-Options.html#index-fpermissive-fpermissive]8;;[m[K]
   25 |   [01;31m[KDiffBotSystemHardware[m[K();
      |   [01;31m[K^~~~~~~~~~~~~~~~~~~~~[m[K
[01m[K/home/adhamwalaa/ros2_ws/src/robot_firmware/include/robot_firmware/diffbot_system.hpp:26:33:[m[K [01;31m[Kerror: [m[Kexpected class-name before â€˜[01m[K([m[Kâ€™ token
   26 |   virtual ~DiffBotSystemHardware[01;31m[K([m[K);
      |                                 [01;31m[K^[m[K
[01m[K/home/adhamwalaa/ros2_ws/src/robot_firmware/include/robot_firmware/diffbot_system.hpp:41:36:[m[K [01;31m[Kerror: [m[Kâ€˜[01m[KFloat64[m[Kâ€™ is not a member of â€˜[01m[Kstd_msgs::msg[m[Kâ€™
   41 |   rclcpp::Publisher<std_msgs::msg::[01;31m[KFloat64[m[K>::SharedPtr left_cmd_publisher_;
      |                                    [01;31m[K^~~~~~~[m[K
[01m[K/home/adhamwalaa/ros2_ws/src/robot_firmware/include/robot_firmware/diffbot_system.hpp:41:43:[m[K [01;31m[Kerror: [m[Ktemplate argument 1 is invalid
   41 |   rclcpp::Publisher<std_msgs::msg::Float64[01;31m[K>[m[K::SharedPtr left_cmd_publisher_;
      |                                           [01;31m[K^[m[K
[01m[K/home/adhamwalaa/ros2_ws/src/robot_firmware/include/robot_firmware/diffbot_system.hpp:41:46:[m[K [01;31m[Kerror: [m[Kexpected â€˜[01m[K;[m[Kâ€™ at end of member declaration
   41 |   rclcpp::Publisher<std_msgs::msg::Float64>::[01;31m[KSharedPtr[m[K left_cmd_publisher_;
      |                                              [01;31m[K^~~~~~~~~[m[K
      |                                                       [32m[K;[m[K
[01m[K/home/adhamwalaa/ros2_ws/src/robot_firmware/include/robot_firmware/diffbot_system.hpp:41:56:[m[K [01;31m[Kerror: [m[Kâ€˜[01m[Kleft_cmd_publisher_[m[Kâ€™ does not name a type
   41 |   rclcpp::Publisher<std_msgs::msg::Float64>::SharedPtr [01;31m[Kleft_cmd_publisher_[m[K;
      |                                                        [01;31m[K^~~~~~~~~~~~~~~~~~~[m[K
[01m[K/home/adhamwalaa/ros2_ws/src/robot_firmware/include/robot_firmware/diffbot_system.hpp:42:36:[m[K [01;31m[Kerror: [m[Kâ€˜[01m[KFloat64[m[Kâ€™ is not a member of â€˜[01m[Kstd_msgs::msg[m[Kâ€™
   42 |   rclcpp::Publisher<std_msgs::msg::[01;31m[KFloat64[m[K>::SharedPtr right_cmd_publisher_;
      |                                    [01;31m[K^~~~~~~[m[K
[01m[K/home/adhamwalaa/ros2_ws/src/robot_firmware/include/robot_firmware/diffbot_system.hpp:42:43:[m[K [01;31m[Kerror: [m[Ktemplate argument 1 is invalid
   42 |   rclcpp::Publisher<std_msgs::msg::Float64[01;31m[K>[m[K::SharedPtr right_cmd_publisher_;
      |                                           [01;31m[K^[m[K
[01m[K/home/adhamwalaa/ros2_ws/src/robot_firmware/include/robot_firmware/diffbot_system.hpp:42:46:[m[K [01;31m[Kerror: [m[Kexpected â€˜[01m[K;[m[Kâ€™ at end of member declaration
   42 |   rclcpp::Publisher<std_msgs::msg::Float64>::[01;31m[KSharedPtr[m[K right_cmd_publisher_;
      |                                              [01;31m[K^~~~~~~~~[m[K
      |                                                       [32m[K;[m[K
[01m[K/home/adhamwalaa/ros2_ws/src/robot_firmware/include/robot_firmware/diffbot_system.hpp:42:46:[m[K [01;31m[Kerror: [m[Kredeclaration of â€˜[01m[Kint robot_firmware::Robot_Interface::SharedPtr[m[Kâ€™
[01m[K/home/adhamwalaa/ros2_ws/src/robot_firmware/include/robot_firmware/diffbot_system.hpp:41:46:[m[K [01;36m[Knote: [m[Kprevious declaration â€˜[01m[Kint robot_firmware::Robot_Interface::SharedPtr[m[Kâ€™
   41 |   rclcpp::Publisher<std_msgs::msg::Float64>::[01;36m[KSharedPtr[m[K left_cmd_publisher_;
      |                                              [01;36m[K^~~~~~~~~[m[K
[01m[K/home/adhamwalaa/ros2_ws/src/robot_firmware/include/robot_firmware/diffbot_system.hpp:42:56:[m[K [01;31m[Kerror: [m[Kâ€˜[01m[Kright_cmd_publisher_[m[Kâ€™ does not name a type
   42 |   rclcpp::Publisher<std_msgs::msg::Float64>::SharedPtr [01;31m[Kright_cmd_publisher_[m[K;
      |                                                        [01;31m[K^~~~~~~~~~~~~~~~~~~~[m[K
[01m[K/home/adhamwalaa/ros2_ws/src/robot_firmware/src/diffbot_system.cpp:17:1:[m[K [01;31m[Kerror: [m[Kâ€˜[01m[KDiffBotSystemHardware[m[Kâ€™ does not name a type
   17 | [01;31m[KDiffBotSystemHardware[m[K::DiffBotSystemHardware() : node_(std::make_shared<rclcpp::Node>("autonav_interface_node"))
      | [01;31m[K^~~~~~~~~~~~~~~~~~~~~[m[K
[01m[K/home/adhamwalaa/ros2_ws/src/robot_firmware/src/diffbot_system.cpp:23:1:[m[K [01;31m[Kerror: [m[Kâ€˜[01m[KDiffBotSystemHardware[m[Kâ€™ does not name a type
   23 | [01;31m[KDiffBotSystemHardware[m[K::~DiffBotSystemHardware()
      | [01;31m[K^~~~~~~~~~~~~~~~~~~~~[m[K
[01m[K/home/adhamwalaa/ros2_ws/src/robot_firmware/src/diffbot_system.cpp:27:36:[m[K [01;31m[Kerror: [m[Kâ€˜[01m[KDiffBotSystemHardware[m[Kâ€™ has not been declared
   27 | hardware_interface::CallbackReturn [01;31m[KDiffBotSystemHardware[m[K::on_init(
      |                                    [01;31m[K^~~~~~~~~~~~~~~~~~~~~[m[K
[01m[K/home/adhamwalaa/ros2_ws/src/robot_firmware/src/diffbot_system.cpp:[m[K In function â€˜[01m[Khardware_interface::CallbackReturn robot_firmware::on_init(const hardware_interface::HardwareInfo&)[m[Kâ€™:
[01m[K/home/adhamwalaa/ros2_ws/src/robot_firmware/src/diffbot_system.cpp:31:49:[m[K [01;31m[Kerror: [m[Kcannot call member function â€˜[01m[Kvirtual rclcpp_lifecycle::node_interfaces::LifecycleNodeInterface::CallbackReturn hardware_interface::SystemInterface::on_init(const hardware_interface::HardwareInfo&)[m[Kâ€™ without object
   31 |     [01;31m[Khardware_interface::SystemInterface::on_init(info)[m[K !=
      |     [01;31m[K~~~~~~~~~~~~~~~~~~~~~~~~~~~~~~~~~~~~~~~~~~~~^~~~~~[m[K
[01m[K/home/adhamwalaa/ros2_ws/src/robot_firmware/src/diffbot_system.cpp:37:3:[m[K [01;31m[Kerror: [m[Kâ€˜[01m[Khw_positions_[m[Kâ€™ was not declared in this scope
   37 |   [01;31m[Khw_positions_[m[K.resize(info_.joints.size(), std::numeric_limits<double>::quiet_NaN());
      |   [01;31m[K^~~~~~~~~~~~~[m[K
[01m[K/home/adhamwalaa/ros2_ws/src/robot_firmware/src/diffbot_system.cpp:37:24:[m[K [01;31m[Kerror: [m[Kâ€˜[01m[Kinfo_[m[Kâ€™ was not declared in this scope; did you mean â€˜[01m[Kinfo[m[Kâ€™?
   37 |   hw_positions_.resize([01;31m[Kinfo_[m[K.joints.size(), std::numeric_limits<double>::quiet_NaN());
      |                        [01;31m[K^~~~~[m[K
      |                        [32m[Kinfo[m[K
[01m[K/home/adhamwalaa/ros2_ws/src/robot_firmware/src/diffbot_system.cpp:38:3:[m[K [01;31m[Kerror: [m[Kâ€˜[01m[Khw_velocities_[m[Kâ€™ was not declared in this scope
   38 |   [01;31m[Khw_velocities_[m[K.resize(info_.joints.size(), std::numeric_limits<double>::quiet_NaN());
      |   [01;31m[K^~~~~~~~~~~~~~[m[K
[01m[K/home/adhamwalaa/ros2_ws/src/robot_firmware/src/diffbot_system.cpp:39:3:[m[K [01;31m[Kerror: [m[Kâ€˜[01m[Khw_commands_[m[Kâ€™ was not declared in this scope
   39 |   [01;31m[Khw_commands_[m[K.resize(info_.joints.size(), std::numeric_limits<double>::quiet_NaN());
      |   [01;31m[K^~~~~~~~~~~~[m[K
[01m[K/home/adhamwalaa/ros2_ws/src/robot_firmware/src/diffbot_system.cpp:[m[K At global scope:
[01m[K/home/adhamwalaa/ros2_ws/src/robot_firmware/src/diffbot_system.cpp:44:49:[m[K [01;31m[Kerror: [m[Kâ€˜[01m[KDiffBotSystemHardware[m[Kâ€™ has not been declared
   44 | std::vector<hardware_interface::StateInterface> [01;31m[KDiffBotSystemHardware[m[K::export_state_interfaces()
      |                                                 [01;31m[K^~~~~~~~~~~~~~~~~~~~~[m[K
[01m[K/home/adhamwalaa/ros2_ws/src/robot_firmware/src/diffbot_system.cpp:[m[K In function â€˜[01m[Kstd::vector<hardware_interface::StateInterface> robot_firmware::export_state_interfaces()[m[Kâ€™:
[01m[K/home/adhamwalaa/ros2_ws/src/robot_firmware/src/diffbot_system.cpp:47:25:[m[K [01;31m[Kerror: [m[Kâ€˜[01m[Kinfo_[m[Kâ€™ was not declared in this scope
   47 |   for (auto i = 0u; i < [01;31m[Kinfo_[m[K.joints.size(); i++)
      |                         [01;31m[K^~~~~[m[K
[01m[K/home/adhamwalaa/ros2_ws/src/robot_firmware/src/diffbot_system.cpp:50:66:[m[K [01;31m[Kerror: [m[Kâ€˜[01m[Khw_positions_[m[Kâ€™ was not declared in this scope
   50 |       info_.joints[i].name, hardware_interface::HW_IF_POSITION, &[01;31m[Khw_positions_[m[K[i]));
      |                                                                  [01;31m[K^~~~~~~~~~~~~[m[K
[01m[K/home/adhamwalaa/ros2_ws/src/robot_firmware/src/diffbot_system.cpp:52:66:[m[K [01;31m[Kerror: [m[Kâ€˜[01m[Khw_velocities_[m[Kâ€™ was not declared in this scope
   52 |       info_.joints[i].name, hardware_interface::HW_IF_VELOCITY, &[01;31m[Khw_velocities_[m[K[i]));
      |                                                                  [01;31m[K^~~~~~~~~~~~~~[m[K
[01m[K/home/adhamwalaa/ros2_ws/src/robot_firmware/src/diffbot_system.cpp:[m[K At global scope:
[01m[K/home/adhamwalaa/ros2_ws/src/robot_firmware/src/diffbot_system.cpp:58:51:[m[K [01;31m[Kerror: [m[Kâ€˜[01m[KDiffBotSystemHardware[m[Kâ€™ has not been declared
   58 | std::vector<hardware_interface::CommandInterface> [01;31m[KDiffBotSystemHardware[m[K::export_command_interfaces()
      |                                                   [01;31m[K^~~~~~~~~~~~~~~~~~~~~[m[K
[01m[K/home/adhamwalaa/ros2_ws/src/robot_firmware/src/diffbot_system.cpp:[m[K In function â€˜[01m[Kstd::vector<hardware_interface::CommandInterface> robot_firmware::export_command_interfaces()[m[Kâ€™:
[01m[K/home/adhamwalaa/ros2_ws/src/robot_firmware/src/diffbot_system.cpp:61:25:[m[K [01;31m[Kerror: [m[Kâ€˜[01m[Kinfo_[m[Kâ€™ was not declared in this scope
   61 |   for (auto i = 0u; i < [01;31m[Kinfo_[m[K.joints.size(); i++)
      |                         [01;31m[K^~~~~[m[K
[01m[K/home/adhamwalaa/ros2_ws/src/robot_firmware/src/diffbot_system.cpp:64:66:[m[K [01;31m[Kerror: [m[Kâ€˜[01m[Khw_commands_[m[Kâ€™ was not declared in this scope
   64 |       info_.joints[i].name, hardware_interface::HW_IF_VELOCITY, &[01;31m[Khw_commands_[m[K[i]));
      |                                                                  [01;31m[K^~~~~~~~~~~~[m[K
[01m[K/home/adhamwalaa/ros2_ws/src/robot_firmware/src/diffbot_system.cpp:[m[K At global scope:
[01m[K/home/adhamwalaa/ros2_ws/src/robot_firmware/src/diffbot_system.cpp:70:36:[m[K [01;31m[Kerror: [m[Kâ€˜[01m[KDiffBotSystemHardware[m[Kâ€™ has not been declared
   70 | hardware_interface::CallbackReturn [01;31m[KDiffBotSystemHardware[m[K::on_activate(
      |                                    [01;31m[K^~~~~~~~~~~~~~~~~~~~~[m[K
[01m[K/home/adhamwalaa/ros2_ws/src/robot_firmware/src/diffbot_system.cpp:[m[K In function â€˜[01m[Khardware_interface::CallbackReturn robot_firmware::on_activate(const rclcpp_lifecycle::State&)[m[Kâ€™:
[01m[K/home/adhamwalaa/ros2_ws/src/robot_firmware/src/diffbot_system.cpp:77:25:[m[K [01;31m[Kerror: [m[Kâ€˜[01m[Khw_positions_[m[Kâ€™ was not declared in this scope
   77 |   for (auto i = 0u; i < [01;31m[Khw_positions_[m[K.size(); i++)
      |                         [01;31m[K^~~~~~~~~~~~~[m[K
[01m[K/home/adhamwalaa/ros2_ws/src/robot_firmware/src/diffbot_system.cpp:82:7:[m[K [01;31m[Kerror: [m[Kâ€˜[01m[Khw_velocities_[m[Kâ€™ was not declared in this scope
   82 |       [01;31m[Khw_velocities_[m[K[i] = 0;
      |       [01;31m[K^~~~~~~~~~~~~~[m[K
[01m[K/home/adhamwalaa/ros2_ws/src/robot_firmware/src/diffbot_system.cpp:83:7:[m[K [01;31m[Kerror: [m[Kâ€˜[01m[Khw_commands_[m[Kâ€™ was not declared in this scope
   83 |       [01;31m[Khw_commands_[m[K[i] = 0;
      |       [01;31m[K^~~~~~~~~~~~[m[K
[01m[K/home/adhamwalaa/ros2_ws/src/robot_firmware/src/diffbot_system.cpp:[m[K At global scope:
[01m[K/home/adhamwalaa/ros2_ws/src/robot_firmware/src/diffbot_system.cpp:92:36:[m[K [01;31m[Kerror: [m[Kâ€˜[01m[KDiffBotSystemHardware[m[Kâ€™ has not been declared
   92 | hardware_interface::CallbackReturn [01;31m[KDiffBotSystemHardware[m[K::on_deactivate(
      |                                    [01;31m[K^~~~~~~~~~~~~~~~~~~~~[m[K
[01m[K/home/adhamwalaa/ros2_ws/src/robot_firmware/src/diffbot_system.cpp:103:6:[m[K [01;31m[Kerror: [m[Kâ€˜[01m[KDiffBotSystemHardware[m[Kâ€™ has not been declared
  103 | void [01;31m[KDiffBotSystemHardware[m[K::processFeedback(const std_msgs::msg::Int64MultiArray::SharedPtr msg)
      |      [01;31m[K^~~~~~~~~~~~~~~~~~~~~[m[K
[01m[K/home/adhamwalaa/ros2_ws/src/robot_firmware/src/diffbot_system.cpp:[m[K In function â€˜[01m[Kvoid robot_firmware::processFeedback(std_msgs::msg::Int64MultiArray_<std::allocator<void> >::SharedPtr)[m[Kâ€™:
[01m[K/home/adhamwalaa/ros2_ws/src/robot_firmware/src/diffbot_system.cpp:106:5:[m[K [01;31m[Kerror: [m[Kâ€˜[01m[Khw_positions_[m[Kâ€™ was not declared in this scope
  106 |     [01;31m[Khw_positions_[m[K[1] = (msg->data[0] * 3.14159265359 * 2) / 151.0;  // base2left
      |     [01;31m[K^~~~~~~~~~~~~[m[K
[01m[K/home/adhamwalaa/ros2_ws/src/robot_firmware/src/diffbot_system.cpp:[m[K At global scope:
[01m[K/home/adhamwalaa/ros2_ws/src/robot_firmware/src/diffbot_system.cpp:112:33:[m[K [01;31m[Kerror: [m[Kâ€˜[01m[KDiffBotSystemHardware[m[Kâ€™ has not been declared
  112 | hardware_interface::return_type [01;31m[KDiffBotSystemHardware[m[K::read(
      |                                 [01;31m[K^~~~~~~~~~~~~~~~~~~~~[m[K
[01m[K/home/adhamwalaa/ros2_ws/src/robot_firmware/src/diffbot_system.cpp:[m[K In function â€˜[01m[Khardware_interface::return_type robot_firmware::read(const rclcpp::Time&, const rclcpp::Duration&)[m[Kâ€™:
[01m[K/home/adhamwalaa/ros2_ws/src/robot_firmware/src/diffbot_system.cpp:129:21:[m[K [01;31m[Kerror: [m[Kâ€˜[01m[Knode_[m[Kâ€™ was not declared in this scope; did you mean â€˜[01m[Kmode_t[m[Kâ€™?
  129 |   rclcpp::spin_some([01;31m[Knode_[m[K);
      |                     [01;31m[K^~~~~[m[K
      |                     [32m[Kmode_t[m[K
[01m[K/home/adhamwalaa/ros2_ws/src/robot_firmware/src/diffbot_system.cpp:[m[K At global scope:
[01m[K/home/adhamwalaa/ros2_ws/src/robot_firmware/src/diffbot_system.cpp:133:50:[m[K [01;31m[Kerror: [m[Kâ€˜[01m[Krobot_firmware::DiffBotSystemHardware[m[Kâ€™ has not been declared
  133 | hardware_interface::return_type robot_firmware ::[01;31m[KDiffBotSystemHardware[m[K::write(
      |                                                  [01;31m[K^~~~~~~~~~~~~~~~~~~~~[m[K
[01m[K/home/adhamwalaa/ros2_ws/src/robot_firmware/src/diffbot_system.cpp:[m[K In function â€˜[01m[Khardware_interface::return_type robot_firmware::write(const rclcpp::Time&, const rclcpp::Duration&)[m[Kâ€™:
[01m[K/home/adhamwalaa/ros2_ws/src/robot_firmware/src/diffbot_system.cpp:151:55:[m[K [01;31m[Kerror: [m[Kâ€˜[01m[KFloat64[m[Kâ€™ is not a member of â€˜[01m[Kstd_msgs::msg[m[Kâ€™
  151 |   auto left_cmd_msg = std::make_shared<std_msgs::msg::[01;31m[KFloat64[m[K>();
      |                                                       [01;31m[K^~~~~~~[m[K
[01m[K/home/adhamwalaa/ros2_ws/src/robot_firmware/src/diffbot_system.cpp:151:63:[m[K [01;31m[Kerror: [m[Kno matching function for call to â€˜[01m[Kmake_shared<<expression error> >()[m[Kâ€™
  151 |   auto left_cmd_msg = [01;31m[Kstd::make_shared<std_msgs::msg::Float64>()[m[K;
      |                       [01;31m[K~~~~~~~~~~~~~~~~~~~~~~~~~~~~~~~~~~~~~~~~^~[m[K
In file included from [01m[K/usr/include/c++/11/memory:77[m[K,
                 from [01m[K/opt/ros/humble/include/rclcpp/rclcpp/rclcpp.hpp:153[m[K,
                 from [01m[K/home/adhamwalaa/ros2_ws/src/robot_firmware/include/robot_firmware/diffbot_system.hpp:4[m[K,
                 from [01m[K/home/adhamwalaa/ros2_ws/src/robot_firmware/src/diffbot_system.cpp:1[m[K:
[01m[K/usr/include/c++/11/bits/shared_ptr.h:875:5:[m[K [01;36m[Knote: [m[Kcandidate: â€˜[01m[Ktemplate<class _Tp, class ... _Args> std::shared_ptr<_Tp> std::make_shared(_Args&& ...)[m[Kâ€™
  875 |     [01;36m[Kmake_shared[m[K(_Args&&... __args)
      |     [01;36m[K^~~~~~~~~~~[m[K
[01m[K/usr/include/c++/11/bits/shared_ptr.h:875:5:[m[K [01;36m[Knote: [m[K  template argument deduction/substitution failed:
[01m[K/home/adhamwalaa/ros2_ws/src/robot_firmware/src/diffbot_system.cpp:151:63:[m[K [01;31m[Kerror: [m[Ktemplate argument 1 is invalid
  151 |   auto left_cmd_msg = [01;31m[Kstd::make_shared<std_msgs::msg::Float64>()[m[K;
      |                       [01;31m[K~~~~~~~~~~~~~~~~~~~~~~~~~~~~~~~~~~~~~~~~^~[m[K
[01m[K/home/adhamwalaa/ros2_ws/src/robot_firmware/src/diffbot_system.cpp:152:24:[m[K [01;31m[Kerror: [m[Kâ€˜[01m[Khw_commands_[m[Kâ€™ was not declared in this scope
  152 |   left_cmd_msg->data = [01;31m[Khw_commands_[m[K[0];  // base2left command
      |                        [01;31m[K^~~~~~~~~~~~[m[K
[01m[K/home/adhamwalaa/ros2_ws/src/robot_firmware/src/diffbot_system.cpp:153:3:[m[K [01;31m[Kerror: [m[Kâ€˜[01m[Kleft_cmd_publisher_[m[Kâ€™ was not declared in this scope
  153 |   [01;31m[Kleft_cmd_publisher_[m[K->publish(*left_cmd_msg);
      |   [01;31m[K^~~~~~~~~~~~~~~~~~~[m[K
[01m[K/home/adhamwalaa/ros2_ws/src/robot_firmware/src/diffbot_system.cpp:155:56:[m[K [01;31m[Kerror: [m[Kâ€˜[01m[KFloat64[m[Kâ€™ is not a member of â€˜[01m[Kstd_msgs::msg[m[Kâ€™
  155 |   auto right_cmd_msg = std::make_shared<std_msgs::msg::[01;31m[KFloat64[m[K>();
      |                                                        [01;31m[K^~~~~~~[m[K
[01m[K/home/adhamwalaa/ros2_ws/src/robot_firmware/src/diffbot_system.cpp:155:64:[m[K [01;31m[Kerror: [m[Kno matching function for call to â€˜[01m[Kmake_shared<<expression error> >()[m[Kâ€™
  155 |   auto right_cmd_msg = [01;31m[Kstd::make_shared<std_msgs::msg::Float64>()[m[K;
      |                        [01;31m[K~~~~~~~~~~~~~~~~~~~~~~~~~~~~~~~~~~~~~~~~^~[m[K
In file included from [01m[K/usr/include/c++/11/memory:77[m[K,
                 from [01m[K/opt/ros/humble/include/rclcpp/rclcpp/rclcpp.hpp:153[m[K,
                 from [01m[K/home/adhamwalaa/ros2_ws/src/robot_firmware/include/robot_firmware/diffbot_system.hpp:4[m[K,
                 from [01m[K/home/adhamwalaa/ros2_ws/src/robot_firmware/src/diffbot_system.cpp:1[m[K:
[01m[K/usr/include/c++/11/bits/shared_ptr.h:875:5:[m[K [01;36m[Knote: [m[Kcandidate: â€˜[01m[Ktemplate<class _Tp, class ... _Args> std::shared_ptr<_Tp> std::make_shared(_Args&& ...)[m[Kâ€™
  875 |     [01;36m[Kmake_shared[m[K(_Args&&... __args)
      |     [01;36m[K^~~~~~~~~~~[m[K
[01m[K/usr/include/c++/11/bits/shared_ptr.h:875:5:[m[K [01;36m[Knote: [m[K  template argument deduction/substitution failed:
[01m[K/home/adhamwalaa/ros2_ws/src/robot_firmware/src/diffbot_system.cpp:155:64:[m[K [01;31m[Kerror: [m[Ktemplate argument 1 is invalid
  155 |   auto right_cmd_msg = [01;31m[Kstd::make_shared<std_msgs::msg::Float64>()[m[K;
      |                        [01;31m[K~~~~~~~~~~~~~~~~~~~~~~~~~~~~~~~~~~~~~~~~^~[m[K
[01m[K/home/adhamwalaa/ros2_ws/src/robot_firmware/src/diffbot_system.cpp:157:3:[m[K [01;31m[Kerror: [m[Kâ€˜[01m[Kright_cmd_publisher_[m[Kâ€™ was not declared in this scope
  157 |   [01;31m[Kright_cmd_publisher_[m[K->publish(*right_cmd_msg);
      |   [01;31m[K^~~~~~~~~~~~~~~~~~~~[m[K
In file included from [01m[K/opt/ros/humble/include/class_loader/class_loader/class_loader.hpp:56[m[K,
                 from [01m[K/opt/ros/humble/include/pluginlib/pluginlib/class_list_macros.hpp:40[m[K,
                 from [01m[K/home/adhamwalaa/ros2_ws/src/robot_firmware/src/diffbot_system.cpp:168[m[K:
[01m[K/home/adhamwalaa/ros2_ws/src/robot_firmware/src/diffbot_system.cpp:[m[K At global scope:
[01m[K/home/adhamwalaa/ros2_ws/src/robot_firmware/src/diffbot_system.cpp:170:19:[m[K [01;31m[Kerror: [m[Kâ€˜[01m[KDiffBotSystemHardware[m[Kâ€™ in namespace â€˜[01m[Krobot_firmware[m[Kâ€™ does not name a type
  170 |   robot_firmware::[01;31m[KDiffBotSystemHardware[m[K, hardware_interface::SystemInterface)
      |                   [01;31m[K^~~~~~~~~~~~~~~~~~~~~[m[K
[01m[K/home/adhamwalaa/ros2_ws/src/robot_firmware/src/diffbot_system.cpp:[m[K In constructor â€˜[01m[K{anonymous}::ProxyExec0::ProxyExec0()[m[Kâ€™:
[01m[K/home/adhamwalaa/ros2_ws/src/robot_firmware/src/diffbot_system.cpp:169:1:[m[K [01;31m[Kerror: [m[Kâ€˜[01m[K_derived[m[Kâ€™ was not declared in this scope
  169 | [01;31m[KPLUGINLIB_EXPORT_CLASS[m[K(
      | [01;31m[K^~~~~~~~~~~~~~~~~~~~~~[m[K
[01m[K/home/adhamwalaa/ros2_ws/src/robot_firmware/src/diffbot_system.cpp:169:1:[m[K [01;31m[Kerror: [m[Kno matching function for call to â€˜[01m[KregisterPlugin<<expression error>, {anonymous}::ProxyExec0::_base>(const char [38], const char [36])[m[Kâ€™
  169 | [01;31m[KPLUGINLIB_EXPORT_CLASS[m[K(
      | [01;31m[K^~~~~~~~~~~~~~~~~~~~~~[m[K
In file included from [01m[K/opt/ros/humble/include/class_loader/class_loader/class_loader.hpp:55[m[K,
                 from [01m[K/opt/ros/humble/include/pluginlib/pluginlib/class_list_macros.hpp:40[m[K,
                 from [01m[K/home/adhamwalaa/ros2_ws/src/robot_firmware/src/diffbot_system.cpp:168[m[K:
[01m[K/opt/ros/humble/include/class_loader/class_loader/class_loader_core.hpp:210:6:[m[K [01;36m[Knote: [m[Kcandidate: â€˜[01m[Ktemplate<class Derived, class Base> void class_loader::impl::registerPlugin(const string&, const string&)[m[Kâ€™
  210 | void [01;36m[KregisterPlugin[m[K(const std::string & class_name, const std::string & base_class_name)
      |      [01;36m[K^~~~~~~~~~~~~~[m[K
[01m[K/opt/ros/humble/include/class_loader/class_loader/class_loader_core.hpp:210:6:[m[K [01;36m[Knote: [m[K  template argument deduction/substitution failed:
In file included from [01m[K/opt/ros/humble/include/class_loader/class_loader/class_loader.hpp:56[m[K,
                 from [01m[K/opt/ros/humble/include/pluginlib/pluginlib/class_list_macros.hpp:40[m[K,
                 from [01m[K/home/adhamwalaa/ros2_ws/src/robot_firmware/src/diffbot_system.cpp:168[m[K:
[01m[K/home/adhamwalaa/ros2_ws/src/robot_firmware/src/diffbot_system.cpp:169:1:[m[K [01;31m[Kerror: [m[Ktemplate argument 1 is invalid
  169 | [01;31m[KPLUGINLIB_EXPORT_CLASS[m[K(
      | [01;31m[K^~~~~~~~~~~~~~~~~~~~~~[m[K
gmake[2]: *** [CMakeFiles/robot_firmware.dir/build.make:76: CMakeFiles/robot_firmware.dir/src/diffbot_system.cpp.o] Error 1
gmake[1]: *** [CMakeFiles/Makefile2:137: CMakeFiles/robot_firmware.dir/all] Error 2
gmake: *** [Makefile:146: all] Error 2
