[0.028s] Invoking command in '/home/adhamwalaa/ros2_ws/src/build/robot_firmware': CMAKE_PREFIX_PATH=${CMAKE_PREFIX_PATH}:/home/adhamwalaa/autonav/src/install/bno055:/opt/ros/humble /usr/bin/cmake --build /home/adhamwalaa/ros2_ws/src/build/robot_firmware -- -j12 -l12
[0.057s] -- Found ament_cmake: 1.3.9 (/opt/ros/humble/share/ament_cmake/cmake)
[0.194s] -- Found rclcpp: 16.0.9 (/opt/ros/humble/share/rclcpp/cmake)
[0.229s] -- Found rosidl_generator_c: 3.1.5 (/opt/ros/humble/share/rosidl_generator_c/cmake)
[0.231s] -- Found rosidl_adapter: 3.1.5 (/opt/ros/humble/share/rosidl_adapter/cmake)
[0.239s] -- Found rosidl_generator_cpp: 3.1.5 (/opt/ros/humble/share/rosidl_generator_cpp/cmake)
[0.253s] -- Using all available rosidl_typesupport_c: rosidl_typesupport_fastrtps_c;rosidl_typesupport_introspection_c
[0.269s] -- Using all available rosidl_typesupport_cpp: rosidl_typesupport_fastrtps_cpp;rosidl_typesupport_introspection_cpp
[0.327s] -- Found rmw_implementation_cmake: 6.1.2 (/opt/ros/humble/share/rmw_implementation_cmake/cmake)
[0.328s] -- Found rmw_fastrtps_cpp: 6.2.6 (/opt/ros/humble/share/rmw_fastrtps_cpp/cmake)
[0.439s] -- Using RMW implementation 'rmw_fastrtps_cpp' as default
[0.592s] -- Found rclpy: 3.3.13 (/opt/ros/humble/share/rclpy/cmake)
[0.593s] -- Found hardware_interface: 2.41.0 (/opt/ros/humble/share/hardware_interface/cmake)
[1.203s] -- Found ament_lint_auto: 0.12.11 (/opt/ros/humble/share/ament_lint_auto/cmake)
[1.267s] -- Added test 'cppcheck' to perform static code analysis on C / C++ code
[1.268s] -- Configured cppcheck include dirs: /home/adhamwalaa/ros2_ws/src/robot_firmware/include
[1.268s] -- Configured cppcheck exclude dirs and/or files: 
[1.269s] -- Added test 'lint_cmake' to check CMake code style
[1.271s] -- Added test 'uncrustify' to check C / C++ code style
[1.271s] -- Configured uncrustify additional arguments: 
[1.271s] -- Added test 'xmllint' to check XML markup files
[1.272s] -- Configuring done
[1.291s] -- Generating done
[1.292s] -- Build files have been written to: /home/adhamwalaa/ros2_ws/src/build/robot_firmware
[1.323s] [ 50%] [32mBuilding CXX object CMakeFiles/robot_firmware.dir/src/diffbot_system.cpp.o[0m
[3.521s] In file included from [01m[K/home/adhamwalaa/ros2_ws/src/robot_firmware/src/diffbot_system.cpp:1[m[K:
[3.521s] [01m[K/home/adhamwalaa/ros2_ws/src/robot_firmware/include/robot_firmware/diffbot_system.hpp:25:3:[m[K [01;31m[Kerror: [m[KISO C++ forbids declaration of â€˜[01m[KDiffBotSystemHardware[m[Kâ€™ with no type [[01;31m[K]8;;https://gcc.gnu.org/onlinedocs/gcc/Warning-Options.html#index-fpermissive-fpermissive]8;;[m[K]
[3.521s]    25 |   [01;31m[KDiffBotSystemHardware[m[K();
[3.521s]       |   [01;31m[K^~~~~~~~~~~~~~~~~~~~~[m[K
[3.522s] [01m[K/home/adhamwalaa/ros2_ws/src/robot_firmware/include/robot_firmware/diffbot_system.hpp:26:33:[m[K [01;31m[Kerror: [m[Kexpected class-name before â€˜[01m[K([m[Kâ€™ token
[3.522s]    26 |   virtual ~DiffBotSystemHardware[01;31m[K([m[K);
[3.522s]       |                                 [01;31m[K^[m[K
[3.522s] [01m[K/home/adhamwalaa/ros2_ws/src/robot_firmware/include/robot_firmware/diffbot_system.hpp:41:36:[m[K [01;31m[Kerror: [m[Kâ€˜[01m[KFloat64[m[Kâ€™ is not a member of â€˜[01m[Kstd_msgs::msg[m[Kâ€™
[3.522s]    41 |   rclcpp::Publisher<std_msgs::msg::[01;31m[KFloat64[m[K>::SharedPtr left_cmd_publisher_;
[3.522s]       |                                    [01;31m[K^~~~~~~[m[K
[3.522s] [01m[K/home/adhamwalaa/ros2_ws/src/robot_firmware/include/robot_firmware/diffbot_system.hpp:41:43:[m[K [01;31m[Kerror: [m[Ktemplate argument 1 is invalid
[3.522s]    41 |   rclcpp::Publisher<std_msgs::msg::Float64[01;31m[K>[m[K::SharedPtr left_cmd_publisher_;
[3.522s]       |                                           [01;31m[K^[m[K
[3.522s] [01m[K/home/adhamwalaa/ros2_ws/src/robot_firmware/include/robot_firmware/diffbot_system.hpp:41:46:[m[K [01;31m[Kerror: [m[Kexpected â€˜[01m[K;[m[Kâ€™ at end of member declaration
[3.522s]    41 |   rclcpp::Publisher<std_msgs::msg::Float64>::[01;31m[KSharedPtr[m[K left_cmd_publisher_;
[3.522s]       |                                              [01;31m[K^~~~~~~~~[m[K
[3.522s]       |                                                       [32m[K;[m[K
[3.525s] [01m[K/home/adhamwalaa/ros2_ws/src/robot_firmware/include/robot_firmware/diffbot_system.hpp:41:56:[m[K [01;31m[Kerror: [m[Kâ€˜[01m[Kleft_cmd_publisher_[m[Kâ€™ does not name a type
[3.525s]    41 |   rclcpp::Publisher<std_msgs::msg::Float64>::SharedPtr [01;31m[Kleft_cmd_publisher_[m[K;
[3.525s]       |                                                        [01;31m[K^~~~~~~~~~~~~~~~~~~[m[K
[3.525s] [01m[K/home/adhamwalaa/ros2_ws/src/robot_firmware/include/robot_firmware/diffbot_system.hpp:42:36:[m[K [01;31m[Kerror: [m[Kâ€˜[01m[KFloat64[m[Kâ€™ is not a member of â€˜[01m[Kstd_msgs::msg[m[Kâ€™
[3.525s]    42 |   rclcpp::Publisher<std_msgs::msg::[01;31m[KFloat64[m[K>::SharedPtr right_cmd_publisher_;
[3.525s]       |                                    [01;31m[K^~~~~~~[m[K
[3.525s] [01m[K/home/adhamwalaa/ros2_ws/src/robot_firmware/include/robot_firmware/diffbot_system.hpp:42:43:[m[K [01;31m[Kerror: [m[Ktemplate argument 1 is invalid
[3.526s]    42 |   rclcpp::Publisher<std_msgs::msg::Float64[01;31m[K>[m[K::SharedPtr right_cmd_publisher_;
[3.526s]       |                                           [01;31m[K^[m[K
[3.526s] [01m[K/home/adhamwalaa/ros2_ws/src/robot_firmware/include/robot_firmware/diffbot_system.hpp:42:46:[m[K [01;31m[Kerror: [m[Kexpected â€˜[01m[K;[m[Kâ€™ at end of member declaration
[3.526s]    42 |   rclcpp::Publisher<std_msgs::msg::Float64>::[01;31m[KSharedPtr[m[K right_cmd_publisher_;
[3.526s]       |                                              [01;31m[K^~~~~~~~~[m[K
[3.526s]       |                                                       [32m[K;[m[K
[3.526s] [01m[K/home/adhamwalaa/ros2_ws/src/robot_firmware/include/robot_firmware/diffbot_system.hpp:42:46:[m[K [01;31m[Kerror: [m[Kredeclaration of â€˜[01m[Kint robot_firmware::Robot_Interface::SharedPtr[m[Kâ€™
[3.526s] [01m[K/home/adhamwalaa/ros2_ws/src/robot_firmware/include/robot_firmware/diffbot_system.hpp:41:46:[m[K [01;36m[Knote: [m[Kprevious declaration â€˜[01m[Kint robot_firmware::Robot_Interface::SharedPtr[m[Kâ€™
[3.526s]    41 |   rclcpp::Publisher<std_msgs::msg::Float64>::[01;36m[KSharedPtr[m[K left_cmd_publisher_;
[3.526s]       |                                              [01;36m[K^~~~~~~~~[m[K
[3.528s] [01m[K/home/adhamwalaa/ros2_ws/src/robot_firmware/include/robot_firmware/diffbot_system.hpp:42:56:[m[K [01;31m[Kerror: [m[Kâ€˜[01m[Kright_cmd_publisher_[m[Kâ€™ does not name a type
[3.528s]    42 |   rclcpp::Publisher<std_msgs::msg::Float64>::SharedPtr [01;31m[Kright_cmd_publisher_[m[K;
[3.528s]       |                                                        [01;31m[K^~~~~~~~~~~~~~~~~~~~[m[K
[3.532s] [01m[K/home/adhamwalaa/ros2_ws/src/robot_firmware/src/diffbot_system.cpp:17:1:[m[K [01;31m[Kerror: [m[Kâ€˜[01m[KDiffBotSystemHardware[m[Kâ€™ does not name a type
[3.532s]    17 | [01;31m[KDiffBotSystemHardware[m[K::DiffBotSystemHardware() : node_(std::make_shared<rclcpp::Node>("autonav_interface_node"))
[3.532s]       | [01;31m[K^~~~~~~~~~~~~~~~~~~~~[m[K
[3.534s] [01m[K/home/adhamwalaa/ros2_ws/src/robot_firmware/src/diffbot_system.cpp:23:1:[m[K [01;31m[Kerror: [m[Kâ€˜[01m[KDiffBotSystemHardware[m[Kâ€™ does not name a type
[3.534s]    23 | [01;31m[KDiffBotSystemHardware[m[K::~DiffBotSystemHardware()
[3.534s]       | [01;31m[K^~~~~~~~~~~~~~~~~~~~~[m[K
[3.534s] [01m[K/home/adhamwalaa/ros2_ws/src/robot_firmware/src/diffbot_system.cpp:27:36:[m[K [01;31m[Kerror: [m[Kâ€˜[01m[KDiffBotSystemHardware[m[Kâ€™ has not been declared
[3.534s]    27 | hardware_interface::CallbackReturn [01;31m[KDiffBotSystemHardware[m[K::on_init(
[3.534s]       |                                    [01;31m[K^~~~~~~~~~~~~~~~~~~~~[m[K
[3.535s] [01m[K/home/adhamwalaa/ros2_ws/src/robot_firmware/src/diffbot_system.cpp:[m[K In function â€˜[01m[Khardware_interface::CallbackReturn robot_firmware::on_init(const hardware_interface::HardwareInfo&)[m[Kâ€™:
[3.535s] [01m[K/home/adhamwalaa/ros2_ws/src/robot_firmware/src/diffbot_system.cpp:31:49:[m[K [01;31m[Kerror: [m[Kcannot call member function â€˜[01m[Kvirtual rclcpp_lifecycle::node_interfaces::LifecycleNodeInterface::CallbackReturn hardware_interface::SystemInterface::on_init(const hardware_interface::HardwareInfo&)[m[Kâ€™ without object
[3.535s]    31 |     [01;31m[Khardware_interface::SystemInterface::on_init(info)[m[K !=
[3.535s]       |     [01;31m[K~~~~~~~~~~~~~~~~~~~~~~~~~~~~~~~~~~~~~~~~~~~~^~~~~~[m[K
[3.538s] [01m[K/home/adhamwalaa/ros2_ws/src/robot_firmware/src/diffbot_system.cpp:37:3:[m[K [01;31m[Kerror: [m[Kâ€˜[01m[Khw_positions_[m[Kâ€™ was not declared in this scope
[3.538s]    37 |   [01;31m[Khw_positions_[m[K.resize(info_.joints.size(), std::numeric_limits<double>::quiet_NaN());
[3.538s]       |   [01;31m[K^~~~~~~~~~~~~[m[K
[3.540s] [01m[K/home/adhamwalaa/ros2_ws/src/robot_firmware/src/diffbot_system.cpp:37:24:[m[K [01;31m[Kerror: [m[Kâ€˜[01m[Kinfo_[m[Kâ€™ was not declared in this scope; did you mean â€˜[01m[Kinfo[m[Kâ€™?
[3.540s]    37 |   hw_positions_.resize([01;31m[Kinfo_[m[K.joints.size(), std::numeric_limits<double>::quiet_NaN());
[3.540s]       |                        [01;31m[K^~~~~[m[K
[3.540s]       |                        [32m[Kinfo[m[K
[3.544s] [01m[K/home/adhamwalaa/ros2_ws/src/robot_firmware/src/diffbot_system.cpp:38:3:[m[K [01;31m[Kerror: [m[Kâ€˜[01m[Khw_velocities_[m[Kâ€™ was not declared in this scope
[3.544s]    38 |   [01;31m[Khw_velocities_[m[K.resize(info_.joints.size(), std::numeric_limits<double>::quiet_NaN());
[3.545s]       |   [01;31m[K^~~~~~~~~~~~~~[m[K
[3.548s] [01m[K/home/adhamwalaa/ros2_ws/src/robot_firmware/src/diffbot_system.cpp:39:3:[m[K [01;31m[Kerror: [m[Kâ€˜[01m[Khw_commands_[m[Kâ€™ was not declared in this scope
[3.548s]    39 |   [01;31m[Khw_commands_[m[K.resize(info_.joints.size(), std::numeric_limits<double>::quiet_NaN());
[3.548s]       |   [01;31m[K^~~~~~~~~~~~[m[K
[3.548s] [01m[K/home/adhamwalaa/ros2_ws/src/robot_firmware/src/diffbot_system.cpp:[m[K At global scope:
[3.548s] [01m[K/home/adhamwalaa/ros2_ws/src/robot_firmware/src/diffbot_system.cpp:44:49:[m[K [01;31m[Kerror: [m[Kâ€˜[01m[KDiffBotSystemHardware[m[Kâ€™ has not been declared
[3.548s]    44 | std::vector<hardware_interface::StateInterface> [01;31m[KDiffBotSystemHardware[m[K::export_state_interfaces()
[3.548s]       |                                                 [01;31m[K^~~~~~~~~~~~~~~~~~~~~[m[K
[3.553s] [01m[K/home/adhamwalaa/ros2_ws/src/robot_firmware/src/diffbot_system.cpp:[m[K In function â€˜[01m[Kstd::vector<hardware_interface::StateInterface> robot_firmware::export_state_interfaces()[m[Kâ€™:
[3.553s] [01m[K/home/adhamwalaa/ros2_ws/src/robot_firmware/src/diffbot_system.cpp:47:25:[m[K [01;31m[Kerror: [m[Kâ€˜[01m[Kinfo_[m[Kâ€™ was not declared in this scope
[3.553s]    47 |   for (auto i = 0u; i < [01;31m[Kinfo_[m[K.joints.size(); i++)
[3.553s]       |                         [01;31m[K^~~~~[m[K
[3.557s] [01m[K/home/adhamwalaa/ros2_ws/src/robot_firmware/src/diffbot_system.cpp:50:66:[m[K [01;31m[Kerror: [m[Kâ€˜[01m[Khw_positions_[m[Kâ€™ was not declared in this scope
[3.557s]    50 |       info_.joints[i].name, hardware_interface::HW_IF_POSITION, &[01;31m[Khw_positions_[m[K[i]));
[3.557s]       |                                                                  [01;31m[K^~~~~~~~~~~~~[m[K
[3.561s] [01m[K/home/adhamwalaa/ros2_ws/src/robot_firmware/src/diffbot_system.cpp:52:66:[m[K [01;31m[Kerror: [m[Kâ€˜[01m[Khw_velocities_[m[Kâ€™ was not declared in this scope
[3.561s]    52 |       info_.joints[i].name, hardware_interface::HW_IF_VELOCITY, &[01;31m[Khw_velocities_[m[K[i]));
[3.561s]       |                                                                  [01;31m[K^~~~~~~~~~~~~~[m[K
[3.561s] [01m[K/home/adhamwalaa/ros2_ws/src/robot_firmware/src/diffbot_system.cpp:[m[K At global scope:
[3.561s] [01m[K/home/adhamwalaa/ros2_ws/src/robot_firmware/src/diffbot_system.cpp:58:51:[m[K [01;31m[Kerror: [m[Kâ€˜[01m[KDiffBotSystemHardware[m[Kâ€™ has not been declared
[3.561s]    58 | std::vector<hardware_interface::CommandInterface> [01;31m[KDiffBotSystemHardware[m[K::export_command_interfaces()
[3.561s]       |                                                   [01;31m[K^~~~~~~~~~~~~~~~~~~~~[m[K
[3.566s] [01m[K/home/adhamwalaa/ros2_ws/src/robot_firmware/src/diffbot_system.cpp:[m[K In function â€˜[01m[Kstd::vector<hardware_interface::CommandInterface> robot_firmware::export_command_interfaces()[m[Kâ€™:
[3.566s] [01m[K/home/adhamwalaa/ros2_ws/src/robot_firmware/src/diffbot_system.cpp:61:25:[m[K [01;31m[Kerror: [m[Kâ€˜[01m[Kinfo_[m[Kâ€™ was not declared in this scope
[3.566s]    61 |   for (auto i = 0u; i < [01;31m[Kinfo_[m[K.joints.size(); i++)
[3.566s]       |                         [01;31m[K^~~~~[m[K
[3.570s] [01m[K/home/adhamwalaa/ros2_ws/src/robot_firmware/src/diffbot_system.cpp:64:66:[m[K [01;31m[Kerror: [m[Kâ€˜[01m[Khw_commands_[m[Kâ€™ was not declared in this scope
[3.570s]    64 |       info_.joints[i].name, hardware_interface::HW_IF_VELOCITY, &[01;31m[Khw_commands_[m[K[i]));
[3.570s]       |                                                                  [01;31m[K^~~~~~~~~~~~[m[K
[3.570s] [01m[K/home/adhamwalaa/ros2_ws/src/robot_firmware/src/diffbot_system.cpp:[m[K At global scope:
[3.570s] [01m[K/home/adhamwalaa/ros2_ws/src/robot_firmware/src/diffbot_system.cpp:70:36:[m[K [01;31m[Kerror: [m[Kâ€˜[01m[KDiffBotSystemHardware[m[Kâ€™ has not been declared
[3.570s]    70 | hardware_interface::CallbackReturn [01;31m[KDiffBotSystemHardware[m[K::on_activate(
[3.570s]       |                                    [01;31m[K^~~~~~~~~~~~~~~~~~~~~[m[K
[3.574s] [01m[K/home/adhamwalaa/ros2_ws/src/robot_firmware/src/diffbot_system.cpp:[m[K In function â€˜[01m[Khardware_interface::CallbackReturn robot_firmware::on_activate(const rclcpp_lifecycle::State&)[m[Kâ€™:
[3.574s] [01m[K/home/adhamwalaa/ros2_ws/src/robot_firmware/src/diffbot_system.cpp:77:25:[m[K [01;31m[Kerror: [m[Kâ€˜[01m[Khw_positions_[m[Kâ€™ was not declared in this scope
[3.574s]    77 |   for (auto i = 0u; i < [01;31m[Khw_positions_[m[K.size(); i++)
[3.574s]       |                         [01;31m[K^~~~~~~~~~~~~[m[K
[3.578s] [01m[K/home/adhamwalaa/ros2_ws/src/robot_firmware/src/diffbot_system.cpp:82:7:[m[K [01;31m[Kerror: [m[Kâ€˜[01m[Khw_velocities_[m[Kâ€™ was not declared in this scope
[3.578s]    82 |       [01;31m[Khw_velocities_[m[K[i] = 0;
[3.578s]       |       [01;31m[K^~~~~~~~~~~~~~[m[K
[3.582s] [01m[K/home/adhamwalaa/ros2_ws/src/robot_firmware/src/diffbot_system.cpp:83:7:[m[K [01;31m[Kerror: [m[Kâ€˜[01m[Khw_commands_[m[Kâ€™ was not declared in this scope
[3.582s]    83 |       [01;31m[Khw_commands_[m[K[i] = 0;
[3.582s]       |       [01;31m[K^~~~~~~~~~~~[m[K
[3.582s] [01m[K/home/adhamwalaa/ros2_ws/src/robot_firmware/src/diffbot_system.cpp:[m[K At global scope:
[3.582s] [01m[K/home/adhamwalaa/ros2_ws/src/robot_firmware/src/diffbot_system.cpp:92:36:[m[K [01;31m[Kerror: [m[Kâ€˜[01m[KDiffBotSystemHardware[m[Kâ€™ has not been declared
[3.582s]    92 | hardware_interface::CallbackReturn [01;31m[KDiffBotSystemHardware[m[K::on_deactivate(
[3.583s]       |                                    [01;31m[K^~~~~~~~~~~~~~~~~~~~~[m[K
[3.583s] [01m[K/home/adhamwalaa/ros2_ws/src/robot_firmware/src/diffbot_system.cpp:103:6:[m[K [01;31m[Kerror: [m[Kâ€˜[01m[KDiffBotSystemHardware[m[Kâ€™ has not been declared
[3.583s]   103 | void [01;31m[KDiffBotSystemHardware[m[K::processFeedback(const std_msgs::msg::Int64MultiArray::SharedPtr msg)
[3.583s]       |      [01;31m[K^~~~~~~~~~~~~~~~~~~~~[m[K
[3.589s] [01m[K/home/adhamwalaa/ros2_ws/src/robot_firmware/src/diffbot_system.cpp:[m[K In function â€˜[01m[Kvoid robot_firmware::processFeedback(std_msgs::msg::Int64MultiArray_<std::allocator<void> >::SharedPtr)[m[Kâ€™:
[3.589s] [01m[K/home/adhamwalaa/ros2_ws/src/robot_firmware/src/diffbot_system.cpp:106:5:[m[K [01;31m[Kerror: [m[Kâ€˜[01m[Khw_positions_[m[Kâ€™ was not declared in this scope
[3.589s]   106 |     [01;31m[Khw_positions_[m[K[1] = (msg->data[0] * 3.14159265359 * 2) / 151.0;  // base2left
[3.590s]       |     [01;31m[K^~~~~~~~~~~~~[m[K
[3.590s] [01m[K/home/adhamwalaa/ros2_ws/src/robot_firmware/src/diffbot_system.cpp:[m[K At global scope:
[3.590s] [01m[K/home/adhamwalaa/ros2_ws/src/robot_firmware/src/diffbot_system.cpp:112:33:[m[K [01;31m[Kerror: [m[Kâ€˜[01m[KDiffBotSystemHardware[m[Kâ€™ has not been declared
[3.590s]   112 | hardware_interface::return_type [01;31m[KDiffBotSystemHardware[m[K::read(
[3.590s]       |                                 [01;31m[K^~~~~~~~~~~~~~~~~~~~~[m[K
[3.592s] [01m[K/home/adhamwalaa/ros2_ws/src/robot_firmware/src/diffbot_system.cpp:[m[K In function â€˜[01m[Khardware_interface::return_type robot_firmware::read(const rclcpp::Time&, const rclcpp::Duration&)[m[Kâ€™:
[3.592s] [01m[K/home/adhamwalaa/ros2_ws/src/robot_firmware/src/diffbot_system.cpp:129:21:[m[K [01;31m[Kerror: [m[Kâ€˜[01m[Knode_[m[Kâ€™ was not declared in this scope; did you mean â€˜[01m[Kmode_t[m[Kâ€™?
[3.592s]   129 |   rclcpp::spin_some([01;31m[Knode_[m[K);
[3.592s]       |                     [01;31m[K^~~~~[m[K
[3.592s]       |                     [32m[Kmode_t[m[K
[3.592s] [01m[K/home/adhamwalaa/ros2_ws/src/robot_firmware/src/diffbot_system.cpp:[m[K At global scope:
[3.592s] [01m[K/home/adhamwalaa/ros2_ws/src/robot_firmware/src/diffbot_system.cpp:133:50:[m[K [01;31m[Kerror: [m[Kâ€˜[01m[Krobot_firmware::DiffBotSystemHardware[m[Kâ€™ has not been declared
[3.592s]   133 | hardware_interface::return_type robot_firmware ::[01;31m[KDiffBotSystemHardware[m[K::write(
[3.592s]       |                                                  [01;31m[K^~~~~~~~~~~~~~~~~~~~~[m[K
[3.592s] [01m[K/home/adhamwalaa/ros2_ws/src/robot_firmware/src/diffbot_system.cpp:[m[K In function â€˜[01m[Khardware_interface::return_type robot_firmware::write(const rclcpp::Time&, const rclcpp::Duration&)[m[Kâ€™:
[3.593s] [01m[K/home/adhamwalaa/ros2_ws/src/robot_firmware/src/diffbot_system.cpp:151:55:[m[K [01;31m[Kerror: [m[Kâ€˜[01m[KFloat64[m[Kâ€™ is not a member of â€˜[01m[Kstd_msgs::msg[m[Kâ€™
[3.593s]   151 |   auto left_cmd_msg = std::make_shared<std_msgs::msg::[01;31m[KFloat64[m[K>();
[3.593s]       |                                                       [01;31m[K^~~~~~~[m[K
[3.593s] [01m[K/home/adhamwalaa/ros2_ws/src/robot_firmware/src/diffbot_system.cpp:151:63:[m[K [01;31m[Kerror: [m[Kno matching function for call to â€˜[01m[Kmake_shared<<expression error> >()[m[Kâ€™
[3.593s]   151 |   auto left_cmd_msg = [01;31m[Kstd::make_shared<std_msgs::msg::Float64>()[m[K;
[3.593s]       |                       [01;31m[K~~~~~~~~~~~~~~~~~~~~~~~~~~~~~~~~~~~~~~~~^~[m[K
[3.593s] In file included from [01m[K/usr/include/c++/11/memory:77[m[K,
[3.593s]                  from [01m[K/opt/ros/humble/include/rclcpp/rclcpp/rclcpp.hpp:153[m[K,
[3.593s]                  from [01m[K/home/adhamwalaa/ros2_ws/src/robot_firmware/include/robot_firmware/diffbot_system.hpp:4[m[K,
[3.593s]                  from [01m[K/home/adhamwalaa/ros2_ws/src/robot_firmware/src/diffbot_system.cpp:1[m[K:
[3.593s] [01m[K/usr/include/c++/11/bits/shared_ptr.h:875:5:[m[K [01;36m[Knote: [m[Kcandidate: â€˜[01m[Ktemplate<class _Tp, class ... _Args> std::shared_ptr<_Tp> std::make_shared(_Args&& ...)[m[Kâ€™
[3.593s]   875 |     [01;36m[Kmake_shared[m[K(_Args&&... __args)
[3.593s]       |     [01;36m[K^~~~~~~~~~~[m[K
[3.593s] [01m[K/usr/include/c++/11/bits/shared_ptr.h:875:5:[m[K [01;36m[Knote: [m[K  template argument deduction/substitution failed:
[3.593s] [01m[K/home/adhamwalaa/ros2_ws/src/robot_firmware/src/diffbot_system.cpp:151:63:[m[K [01;31m[Kerror: [m[Ktemplate argument 1 is invalid
[3.593s]   151 |   auto left_cmd_msg = [01;31m[Kstd::make_shared<std_msgs::msg::Float64>()[m[K;
[3.593s]       |                       [01;31m[K~~~~~~~~~~~~~~~~~~~~~~~~~~~~~~~~~~~~~~~~^~[m[K
[3.596s] [01m[K/home/adhamwalaa/ros2_ws/src/robot_firmware/src/diffbot_system.cpp:152:24:[m[K [01;31m[Kerror: [m[Kâ€˜[01m[Khw_commands_[m[Kâ€™ was not declared in this scope
[3.596s]   152 |   left_cmd_msg->data = [01;31m[Khw_commands_[m[K[0];  // base2left command
[3.596s]       |                        [01;31m[K^~~~~~~~~~~~[m[K
[3.601s] [01m[K/home/adhamwalaa/ros2_ws/src/robot_firmware/src/diffbot_system.cpp:153:3:[m[K [01;31m[Kerror: [m[Kâ€˜[01m[Kleft_cmd_publisher_[m[Kâ€™ was not declared in this scope
[3.601s]   153 |   [01;31m[Kleft_cmd_publisher_[m[K->publish(*left_cmd_msg);
[3.601s]       |   [01;31m[K^~~~~~~~~~~~~~~~~~~[m[K
[3.601s] [01m[K/home/adhamwalaa/ros2_ws/src/robot_firmware/src/diffbot_system.cpp:155:56:[m[K [01;31m[Kerror: [m[Kâ€˜[01m[KFloat64[m[Kâ€™ is not a member of â€˜[01m[Kstd_msgs::msg[m[Kâ€™
[3.601s]   155 |   auto right_cmd_msg = std::make_shared<std_msgs::msg::[01;31m[KFloat64[m[K>();
[3.601s]       |                                                        [01;31m[K^~~~~~~[m[K
[3.601s] [01m[K/home/adhamwalaa/ros2_ws/src/robot_firmware/src/diffbot_system.cpp:155:64:[m[K [01;31m[Kerror: [m[Kno matching function for call to â€˜[01m[Kmake_shared<<expression error> >()[m[Kâ€™
[3.601s]   155 |   auto right_cmd_msg = [01;31m[Kstd::make_shared<std_msgs::msg::Float64>()[m[K;
[3.601s]       |                        [01;31m[K~~~~~~~~~~~~~~~~~~~~~~~~~~~~~~~~~~~~~~~~^~[m[K
[3.601s] In file included from [01m[K/usr/include/c++/11/memory:77[m[K,
[3.601s]                  from [01m[K/opt/ros/humble/include/rclcpp/rclcpp/rclcpp.hpp:153[m[K,
[3.601s]                  from [01m[K/home/adhamwalaa/ros2_ws/src/robot_firmware/include/robot_firmware/diffbot_system.hpp:4[m[K,
[3.601s]                  from [01m[K/home/adhamwalaa/ros2_ws/src/robot_firmware/src/diffbot_system.cpp:1[m[K:
[3.602s] [01m[K/usr/include/c++/11/bits/shared_ptr.h:875:5:[m[K [01;36m[Knote: [m[Kcandidate: â€˜[01m[Ktemplate<class _Tp, class ... _Args> std::shared_ptr<_Tp> std::make_shared(_Args&& ...)[m[Kâ€™
[3.602s]   875 |     [01;36m[Kmake_shared[m[K(_Args&&... __args)
[3.602s]       |     [01;36m[K^~~~~~~~~~~[m[K
[3.602s] [01m[K/usr/include/c++/11/bits/shared_ptr.h:875:5:[m[K [01;36m[Knote: [m[K  template argument deduction/substitution failed:
[3.602s] [01m[K/home/adhamwalaa/ros2_ws/src/robot_firmware/src/diffbot_system.cpp:155:64:[m[K [01;31m[Kerror: [m[Ktemplate argument 1 is invalid
[3.602s]   155 |   auto right_cmd_msg = [01;31m[Kstd::make_shared<std_msgs::msg::Float64>()[m[K;
[3.602s]       |                        [01;31m[K~~~~~~~~~~~~~~~~~~~~~~~~~~~~~~~~~~~~~~~~^~[m[K
[3.606s] [01m[K/home/adhamwalaa/ros2_ws/src/robot_firmware/src/diffbot_system.cpp:157:3:[m[K [01;31m[Kerror: [m[Kâ€˜[01m[Kright_cmd_publisher_[m[Kâ€™ was not declared in this scope
[3.606s]   157 |   [01;31m[Kright_cmd_publisher_[m[K->publish(*right_cmd_msg);
[3.606s]       |   [01;31m[K^~~~~~~~~~~~~~~~~~~~[m[K
[3.615s] In file included from [01m[K/opt/ros/humble/include/class_loader/class_loader/class_loader.hpp:56[m[K,
[3.615s]                  from [01m[K/opt/ros/humble/include/pluginlib/pluginlib/class_list_macros.hpp:40[m[K,
[3.615s]                  from [01m[K/home/adhamwalaa/ros2_ws/src/robot_firmware/src/diffbot_system.cpp:168[m[K:
[3.615s] [01m[K/home/adhamwalaa/ros2_ws/src/robot_firmware/src/diffbot_system.cpp:[m[K At global scope:
[3.615s] [01m[K/home/adhamwalaa/ros2_ws/src/robot_firmware/src/diffbot_system.cpp:170:19:[m[K [01;31m[Kerror: [m[Kâ€˜[01m[KDiffBotSystemHardware[m[Kâ€™ in namespace â€˜[01m[Krobot_firmware[m[Kâ€™ does not name a type
[3.616s]   170 |   robot_firmware::[01;31m[KDiffBotSystemHardware[m[K, hardware_interface::SystemInterface)
[3.616s]       |                   [01;31m[K^~~~~~~~~~~~~~~~~~~~~[m[K
[3.623s] [01m[K/home/adhamwalaa/ros2_ws/src/robot_firmware/src/diffbot_system.cpp:[m[K In constructor â€˜[01m[K{anonymous}::ProxyExec0::ProxyExec0()[m[Kâ€™:
[3.623s] [01m[K/home/adhamwalaa/ros2_ws/src/robot_firmware/src/diffbot_system.cpp:169:1:[m[K [01;31m[Kerror: [m[Kâ€˜[01m[K_derived[m[Kâ€™ was not declared in this scope
[3.623s]   169 | [01;31m[KPLUGINLIB_EXPORT_CLASS[m[K(
[3.623s]       | [01;31m[K^~~~~~~~~~~~~~~~~~~~~~[m[K
[3.623s] [01m[K/home/adhamwalaa/ros2_ws/src/robot_firmware/src/diffbot_system.cpp:169:1:[m[K [01;31m[Kerror: [m[Kno matching function for call to â€˜[01m[KregisterPlugin<<expression error>, {anonymous}::ProxyExec0::_base>(const char [38], const char [36])[m[Kâ€™
[3.623s]   169 | [01;31m[KPLUGINLIB_EXPORT_CLASS[m[K(
[3.623s]       | [01;31m[K^~~~~~~~~~~~~~~~~~~~~~[m[K
[3.623s] In file included from [01m[K/opt/ros/humble/include/class_loader/class_loader/class_loader.hpp:55[m[K,
[3.623s]                  from [01m[K/opt/ros/humble/include/pluginlib/pluginlib/class_list_macros.hpp:40[m[K,
[3.623s]                  from [01m[K/home/adhamwalaa/ros2_ws/src/robot_firmware/src/diffbot_system.cpp:168[m[K:
[3.623s] [01m[K/opt/ros/humble/include/class_loader/class_loader/class_loader_core.hpp:210:6:[m[K [01;36m[Knote: [m[Kcandidate: â€˜[01m[Ktemplate<class Derived, class Base> void class_loader::impl::registerPlugin(const string&, const string&)[m[Kâ€™
[3.624s]   210 | void [01;36m[KregisterPlugin[m[K(const std::string & class_name, const std::string & base_class_name)
[3.624s]       |      [01;36m[K^~~~~~~~~~~~~~[m[K
[3.624s] [01m[K/opt/ros/humble/include/class_loader/class_loader/class_loader_core.hpp:210:6:[m[K [01;36m[Knote: [m[K  template argument deduction/substitution failed:
[3.624s] In file included from [01m[K/opt/ros/humble/include/class_loader/class_loader/class_loader.hpp:56[m[K,
[3.624s]                  from [01m[K/opt/ros/humble/include/pluginlib/pluginlib/class_list_macros.hpp:40[m[K,
[3.624s]                  from [01m[K/home/adhamwalaa/ros2_ws/src/robot_firmware/src/diffbot_system.cpp:168[m[K:
[3.624s] [01m[K/home/adhamwalaa/ros2_ws/src/robot_firmware/src/diffbot_system.cpp:169:1:[m[K [01;31m[Kerror: [m[Ktemplate argument 1 is invalid
[3.624s]   169 | [01;31m[KPLUGINLIB_EXPORT_CLASS[m[K(
[3.624s]       | [01;31m[K^~~~~~~~~~~~~~~~~~~~~~[m[K
[4.088s] gmake[2]: *** [CMakeFiles/robot_firmware.dir/build.make:76: CMakeFiles/robot_firmware.dir/src/diffbot_system.cpp.o] Error 1
[4.088s] gmake[1]: *** [CMakeFiles/Makefile2:137: CMakeFiles/robot_firmware.dir/all] Error 2
[4.088s] gmake: *** [Makefile:146: all] Error 2
[4.090s] Invoked command in '/home/adhamwalaa/ros2_ws/src/build/robot_firmware' returned '2': CMAKE_PREFIX_PATH=${CMAKE_PREFIX_PATH}:/home/adhamwalaa/autonav/src/install/bno055:/opt/ros/humble /usr/bin/cmake --build /home/adhamwalaa/ros2_ws/src/build/robot_firmware -- -j12 -l12
